{"uuid":"2a1b8422-ae0f-4020-b126-b43dc5e76b7d","historyId":"558b5697fea491e9c4343081c146d7ea","fullName":"CreateAccountRegionFieldTest.createAccountRegionField","labels":[{"name":"package","value":"CreateAccountRegionFieldTest"},{"name":"testClass","value":"CreateAccountRegionFieldTest"},{"name":"testMethod","value":"createAccountRegionField"},{"name":"parentSuite","value":"Default Suite"},{"name":"suite","value":"CyanGate"},{"name":"subSuite","value":"CreateAccountRegionFieldTest"},{"name":"host","value":"Ayşegül"},{"name":"thread","value":"24184@Ayşegül.main(1)"},{"name":"framework","value":"testng"},{"name":"language","value":"java"}],"links":[],"name":"Salesforce Setup > Account > Fields & Relationships > Yeni Text Field oluşturma testi","status":"failed","statusDetails":{"known":false,"muted":false,"flaky":false,"message":"❌ Account Region field oluşturulamadı: Expected condition failed: waiting for element to be clickable: By.xpath: //div[@title='New' or //button[@name='New']] (tried for 40 second(s) with 500 milliseconds interval)\nBuild info: version: '4.32.0', revision: 'd17c8aa950'\nSystem info: os.name: 'Windows 11', os.arch: 'amd64', os.version: '10.0', java.version: '21.0.6'\nDriver info: org.openqa.selenium.chrome.ChromeDriver\nCapabilities {acceptInsecureCerts: false, browserName: chrome, browserVersion: 141.0.7390.108, chrome: {chromedriverVersion: 141.0.7390.78 (2b53b0e231fc..., userDataDir: C:\\Users\\User\\AppData\\Local...}, fedcm:accounts: true, goog:chromeOptions: {debuggerAddress: localhost:27015}, networkConnectionEnabled: false, pageLoadStrategy: normal, platformName: windows, proxy: Proxy(), se:cdp: ws://localhost:27015/devtoo..., se:cdpVersion: 141.0.7390.108, setWindowRect: true, strictFileInteractability: false, timeouts: {implicit: 0, pageLoad: 300000, script: 30000}, unhandledPromptBehavior: dismiss and notify, webauthn:extension:credBlob: true, webauthn:extension:largeBlob: true, webauthn:extension:minPinLength: true, webauthn:extension:prf: true, webauthn:virtualAuthenticators: true}\nSession ID: 1720344bf84a83b35de275fe115fed90","trace":"java.lang.AssertionError: ❌ Account Region field oluşturulamadı: Expected condition failed: waiting for element to be clickable: By.xpath: //div[@title='New' or //button[@name='New']] (tried for 40 second(s) with 500 milliseconds interval)\nBuild info: version: '4.32.0', revision: 'd17c8aa950'\nSystem info: os.name: 'Windows 11', os.arch: 'amd64', os.version: '10.0', java.version: '21.0.6'\nDriver info: org.openqa.selenium.chrome.ChromeDriver\nCapabilities {acceptInsecureCerts: false, browserName: chrome, browserVersion: 141.0.7390.108, chrome: {chromedriverVersion: 141.0.7390.78 (2b53b0e231fc..., userDataDir: C:\\Users\\User\\AppData\\Local...}, fedcm:accounts: true, goog:chromeOptions: {debuggerAddress: localhost:27015}, networkConnectionEnabled: false, pageLoadStrategy: normal, platformName: windows, proxy: Proxy(), se:cdp: ws://localhost:27015/devtoo..., se:cdpVersion: 141.0.7390.108, setWindowRect: true, strictFileInteractability: false, timeouts: {implicit: 0, pageLoad: 300000, script: 30000}, unhandledPromptBehavior: dismiss and notify, webauthn:extension:credBlob: true, webauthn:extension:largeBlob: true, webauthn:extension:minPinLength: true, webauthn:extension:prf: true, webauthn:virtualAuthenticators: true}\nSession ID: 1720344bf84a83b35de275fe115fed90\r\n\tat org.testng.Assert.fail(Assert.java:111)\r\n\tat Pages.SetUpPage.createTextField(SetUpPage.java:196)\r\n\tat CreateAccountRegionFieldTest.createAccountRegionField(CreateAccountRegionFieldTest.java:31)\r\n\tat java.base/jdk.internal.reflect.DirectMethodHandleAccessor.invoke(DirectMethodHandleAccessor.java:103)\r\n\tat java.base/java.lang.reflect.Method.invoke(Method.java:580)\r\n\tat org.testng.internal.invokers.MethodInvocationHelper.invokeMethod(MethodInvocationHelper.java:141)\r\n\tat org.testng.internal.invokers.InvokeMethodRunnable.runOne(InvokeMethodRunnable.java:47)\r\n\tat org.testng.internal.invokers.InvokeMethodRunnable.call(InvokeMethodRunnable.java:76)\r\n\tat org.testng.internal.invokers.InvokeMethodRunnable.call(InvokeMethodRunnable.java:11)\r\n\tat java.base/java.util.concurrent.FutureTask.run(FutureTask.java:317)\r\n\tat java.base/java.util.concurrent.ThreadPoolExecutor.runWorker(ThreadPoolExecutor.java:1144)\r\n\tat java.base/java.util.concurrent.ThreadPoolExecutor$Worker.run(ThreadPoolExecutor.java:642)\r\n\tat java.base/java.lang.Thread.run(Thread.java:1583)\r\n"},"stage":"finished","steps":[{"name":"Username alanı doldurulur","status":"passed","stage":"finished","steps":[],"attachments":[],"parameters":[{"name":"username","value":"aysenisasev71448@agentforce.com"}],"start":1761137298199,"stop":1761137298260},{"name":"Password alanı doldurulur","status":"passed","stage":"finished","steps":[],"attachments":[],"parameters":[{"name":"password","value":"123456ab"}],"start":1761137298261,"stop":1761137298293},{"name":"Login butonuna tıklanır","status":"passed","stage":"finished","steps":[],"attachments":[],"parameters":[],"start":1761137298294,"stop":1761137302945},{"name":"Setup menüsünden 'Setup' sekmesine gidilir","status":"passed","stage":"finished","steps":[],"attachments":[],"parameters":[],"start":1761137332954,"stop":1761137368875},{"name":"Account objesine gidilir","status":"passed","stage":"finished","steps":[],"attachments":[],"parameters":[],"start":1761137368875,"stop":1761137377941},{"name":"Fields & Relationships sekmesine gidilir","status":"passed","stage":"finished","steps":[],"attachments":[],"parameters":[],"start":1761137377941,"stop":1761137380251},{"name":"Yeni Text field oluşturulur","status":"failed","statusDetails":{"known":false,"muted":false,"flaky":false,"message":"❌ Account Region field oluşturulamadı: Expected condition failed: waiting for element to be clickable: By.xpath: //div[@title='New' or //button[@name='New']] (tried for 40 second(s) with 500 milliseconds interval)\nBuild info: version: '4.32.0', revision: 'd17c8aa950'\nSystem info: os.name: 'Windows 11', os.arch: 'amd64', os.version: '10.0', java.version: '21.0.6'\nDriver info: org.openqa.selenium.chrome.ChromeDriver\nCapabilities {acceptInsecureCerts: false, browserName: chrome, browserVersion: 141.0.7390.108, chrome: {chromedriverVersion: 141.0.7390.78 (2b53b0e231fc..., userDataDir: C:\\Users\\User\\AppData\\Local...}, fedcm:accounts: true, goog:chromeOptions: {debuggerAddress: localhost:27015}, networkConnectionEnabled: false, pageLoadStrategy: normal, platformName: windows, proxy: Proxy(), se:cdp: ws://localhost:27015/devtoo..., se:cdpVersion: 141.0.7390.108, setWindowRect: true, strictFileInteractability: false, timeouts: {implicit: 0, pageLoad: 300000, script: 30000}, unhandledPromptBehavior: dismiss and notify, webauthn:extension:credBlob: true, webauthn:extension:largeBlob: true, webauthn:extension:minPinLength: true, webauthn:extension:prf: true, webauthn:virtualAuthenticators: true}\nSession ID: 1720344bf84a83b35de275fe115fed90","trace":"java.lang.AssertionError: ❌ Account Region field oluşturulamadı: Expected condition failed: waiting for element to be clickable: By.xpath: //div[@title='New' or //button[@name='New']] (tried for 40 second(s) with 500 milliseconds interval)\nBuild info: version: '4.32.0', revision: 'd17c8aa950'\nSystem info: os.name: 'Windows 11', os.arch: 'amd64', os.version: '10.0', java.version: '21.0.6'\nDriver info: org.openqa.selenium.chrome.ChromeDriver\nCapabilities {acceptInsecureCerts: false, browserName: chrome, browserVersion: 141.0.7390.108, chrome: {chromedriverVersion: 141.0.7390.78 (2b53b0e231fc..., userDataDir: C:\\Users\\User\\AppData\\Local...}, fedcm:accounts: true, goog:chromeOptions: {debuggerAddress: localhost:27015}, networkConnectionEnabled: false, pageLoadStrategy: normal, platformName: windows, proxy: Proxy(), se:cdp: ws://localhost:27015/devtoo..., se:cdpVersion: 141.0.7390.108, setWindowRect: true, strictFileInteractability: false, timeouts: {implicit: 0, pageLoad: 300000, script: 30000}, unhandledPromptBehavior: dismiss and notify, webauthn:extension:credBlob: true, webauthn:extension:largeBlob: true, webauthn:extension:minPinLength: true, webauthn:extension:prf: true, webauthn:virtualAuthenticators: true}\nSession ID: 1720344bf84a83b35de275fe115fed90\r\n\tat org.testng.Assert.fail(Assert.java:111)\r\n\tat Pages.SetUpPage.createTextField(SetUpPage.java:196)\r\n\tat CreateAccountRegionFieldTest.createAccountRegionField(CreateAccountRegionFieldTest.java:31)\r\n\tat java.base/jdk.internal.reflect.DirectMethodHandleAccessor.invoke(DirectMethodHandleAccessor.java:103)\r\n\tat java.base/java.lang.reflect.Method.invoke(Method.java:580)\r\n\tat org.testng.internal.invokers.MethodInvocationHelper.invokeMethod(MethodInvocationHelper.java:141)\r\n\tat org.testng.internal.invokers.InvokeMethodRunnable.runOne(InvokeMethodRunnable.java:47)\r\n\tat org.testng.internal.invokers.InvokeMethodRunnable.call(InvokeMethodRunnable.java:76)\r\n\tat org.testng.internal.invokers.InvokeMethodRunnable.call(InvokeMethodRunnable.java:11)\r\n\tat java.base/java.util.concurrent.FutureTask.run(FutureTask.java:317)\r\n\tat java.base/java.util.concurrent.ThreadPoolExecutor.runWorker(ThreadPoolExecutor.java:1144)\r\n\tat java.base/java.util.concurrent.ThreadPoolExecutor$Worker.run(ThreadPoolExecutor.java:642)\r\n\tat java.base/java.lang.Thread.run(Thread.java:1583)\r\n"},"stage":"finished","steps":[],"attachments":[],"parameters":[],"start":1761137380251,"stop":1761137422010}],"attachments":[],"parameters":[],"start":1761137298186,"stop":1761137422033}