{"uuid":"2e604f41-1b20-439f-8fe2-e8fa798f7810","historyId":"558b5697fea491e9c4343081c146d7ea","fullName":"CreateAccountRegionFieldTest.createAccountRegionField","labels":[{"name":"package","value":"CreateAccountRegionFieldTest"},{"name":"testClass","value":"CreateAccountRegionFieldTest"},{"name":"testMethod","value":"createAccountRegionField"},{"name":"parentSuite","value":"Default Suite"},{"name":"suite","value":"CyanGate"},{"name":"subSuite","value":"CreateAccountRegionFieldTest"},{"name":"host","value":"Ayşegül"},{"name":"thread","value":"18680@Ayşegül.main(1)"},{"name":"framework","value":"testng"},{"name":"language","value":"java"}],"links":[],"name":"Salesforce Setup > Account > Fields & Relationships > Yeni Text Field oluşturma testi","status":"failed","statusDetails":{"known":false,"muted":false,"flaky":false,"message":"❌ Account objesi bulunamadı veya açılamadı: Expected condition failed: waiting for presence of element located by: By.xpath: //table//a[@title='Account'] (tried for 45 second(s) with 500 milliseconds interval)","trace":"java.lang.AssertionError: ❌ Account objesi bulunamadı veya açılamadı: Expected condition failed: waiting for presence of element located by: By.xpath: //table//a[@title='Account'] (tried for 45 second(s) with 500 milliseconds interval)\r\n\tat org.testng.Assert.fail(Assert.java:111)\r\n\tat Pages.SetUpPage.openAccountObject(SetUpPage.java:127)\r\n\tat CreateAccountRegionFieldTest.createAccountRegionField(CreateAccountRegionFieldTest.java:29)\r\n\tat java.base/jdk.internal.reflect.DirectMethodHandleAccessor.invoke(DirectMethodHandleAccessor.java:103)\r\n\tat java.base/java.lang.reflect.Method.invoke(Method.java:580)\r\n\tat org.testng.internal.invokers.MethodInvocationHelper.invokeMethod(MethodInvocationHelper.java:141)\r\n\tat org.testng.internal.invokers.InvokeMethodRunnable.runOne(InvokeMethodRunnable.java:47)\r\n\tat org.testng.internal.invokers.InvokeMethodRunnable.call(InvokeMethodRunnable.java:76)\r\n\tat org.testng.internal.invokers.InvokeMethodRunnable.call(InvokeMethodRunnable.java:11)\r\n\tat java.base/java.util.concurrent.FutureTask.run(FutureTask.java:317)\r\n\tat java.base/java.util.concurrent.ThreadPoolExecutor.runWorker(ThreadPoolExecutor.java:1144)\r\n\tat java.base/java.util.concurrent.ThreadPoolExecutor$Worker.run(ThreadPoolExecutor.java:642)\r\n\tat java.base/java.lang.Thread.run(Thread.java:1583)\r\n"},"stage":"finished","steps":[{"name":"Username alanı doldurulur","status":"passed","stage":"finished","steps":[],"attachments":[],"parameters":[{"name":"username","value":"aysenisasev71448@agentforce.com"}],"start":1761136639601,"stop":1761136639676},{"name":"Password alanı doldurulur","status":"passed","stage":"finished","steps":[],"attachments":[],"parameters":[{"name":"password","value":"123456ab"}],"start":1761136639677,"stop":1761136639708},{"name":"Login butonuna tıklanır","status":"passed","stage":"finished","steps":[],"attachments":[],"parameters":[],"start":1761136639708,"stop":1761136639751},{"name":"Setup menüsünden 'Setup' sekmesine gidilir","status":"passed","stage":"finished","steps":[],"attachments":[],"parameters":[],"start":1761136669754,"stop":1761136704619},{"name":"Account objesine gidilir","status":"failed","statusDetails":{"known":false,"muted":false,"flaky":false,"message":"❌ Account objesi bulunamadı veya açılamadı: Expected condition failed: waiting for presence of element located by: By.xpath: //table//a[@title='Account'] (tried for 45 second(s) with 500 milliseconds interval)","trace":"java.lang.AssertionError: ❌ Account objesi bulunamadı veya açılamadı: Expected condition failed: waiting for presence of element located by: By.xpath: //table//a[@title='Account'] (tried for 45 second(s) with 500 milliseconds interval)\r\n\tat org.testng.Assert.fail(Assert.java:111)\r\n\tat Pages.SetUpPage.openAccountObject(SetUpPage.java:127)\r\n\tat CreateAccountRegionFieldTest.createAccountRegionField(CreateAccountRegionFieldTest.java:29)\r\n\tat java.base/jdk.internal.reflect.DirectMethodHandleAccessor.invoke(DirectMethodHandleAccessor.java:103)\r\n\tat java.base/java.lang.reflect.Method.invoke(Method.java:580)\r\n\tat org.testng.internal.invokers.MethodInvocationHelper.invokeMethod(MethodInvocationHelper.java:141)\r\n\tat org.testng.internal.invokers.InvokeMethodRunnable.runOne(InvokeMethodRunnable.java:47)\r\n\tat org.testng.internal.invokers.InvokeMethodRunnable.call(InvokeMethodRunnable.java:76)\r\n\tat org.testng.internal.invokers.InvokeMethodRunnable.call(InvokeMethodRunnable.java:11)\r\n\tat java.base/java.util.concurrent.FutureTask.run(FutureTask.java:317)\r\n\tat java.base/java.util.concurrent.ThreadPoolExecutor.runWorker(ThreadPoolExecutor.java:1144)\r\n\tat java.base/java.util.concurrent.ThreadPoolExecutor$Worker.run(ThreadPoolExecutor.java:642)\r\n\tat java.base/java.lang.Thread.run(Thread.java:1583)\r\n"},"stage":"finished","steps":[],"attachments":[],"parameters":[],"start":1761136704619,"stop":1761136761825}],"attachments":[],"parameters":[],"start":1761136639584,"stop":1761136761840}