{"uuid":"757598d3-fe10-4e16-8a5a-7ecf8d7e9882","historyId":"558b5697fea491e9c4343081c146d7ea","fullName":"CreateAccountRegionFieldTest.createAccountRegionField","labels":[{"name":"package","value":"CreateAccountRegionFieldTest"},{"name":"testClass","value":"CreateAccountRegionFieldTest"},{"name":"testMethod","value":"createAccountRegionField"},{"name":"parentSuite","value":"Default Suite"},{"name":"suite","value":"CyanGate"},{"name":"subSuite","value":"CreateAccountRegionFieldTest"},{"name":"host","value":"Ayşegül"},{"name":"thread","value":"17136@Ayşegül.main(1)"},{"name":"framework","value":"testng"},{"name":"language","value":"java"}],"links":[],"name":"Salesforce Setup > Account > Fields & Relationships > Yeni Text Field oluşturma testi","status":"failed","statusDetails":{"known":false,"muted":false,"flaky":false,"message":"❌ Account objesi bulunamadı veya açılamadı: Expected condition failed: waiting for presence of element located by: By.xpath: //table//a[@title='Account'] (tried for 45 second(s) with 500 milliseconds interval)","trace":"java.lang.AssertionError: ❌ Account objesi bulunamadı veya açılamadı: Expected condition failed: waiting for presence of element located by: By.xpath: //table//a[@title='Account'] (tried for 45 second(s) with 500 milliseconds interval)\r\n\tat org.testng.Assert.fail(Assert.java:111)\r\n\tat Pages.SetUpPage.openAccountObject(SetUpPage.java:127)\r\n\tat CreateAccountRegionFieldTest.createAccountRegionField(CreateAccountRegionFieldTest.java:29)\r\n\tat java.base/jdk.internal.reflect.DirectMethodHandleAccessor.invoke(DirectMethodHandleAccessor.java:103)\r\n\tat java.base/java.lang.reflect.Method.invoke(Method.java:580)\r\n\tat org.testng.internal.invokers.MethodInvocationHelper.invokeMethod(MethodInvocationHelper.java:141)\r\n\tat org.testng.internal.invokers.InvokeMethodRunnable.runOne(InvokeMethodRunnable.java:47)\r\n\tat org.testng.internal.invokers.InvokeMethodRunnable.call(InvokeMethodRunnable.java:76)\r\n\tat org.testng.internal.invokers.InvokeMethodRunnable.call(InvokeMethodRunnable.java:11)\r\n\tat java.base/java.util.concurrent.FutureTask.run(FutureTask.java:317)\r\n\tat java.base/java.util.concurrent.ThreadPoolExecutor.runWorker(ThreadPoolExecutor.java:1144)\r\n\tat java.base/java.util.concurrent.ThreadPoolExecutor$Worker.run(ThreadPoolExecutor.java:642)\r\n\tat java.base/java.lang.Thread.run(Thread.java:1583)\r\n"},"stage":"finished","steps":[{"name":"Username alanı doldurulur","status":"passed","stage":"finished","steps":[],"attachments":[],"parameters":[{"name":"username","value":"aysegyilmaz7983@agentforce.com"}],"start":1761067905923,"stop":1761067905988},{"name":"Password alanı doldurulur","status":"passed","stage":"finished","steps":[],"attachments":[],"parameters":[{"name":"password","value":"123456ba"}],"start":1761067905988,"stop":1761067906043},{"name":"Login butonuna tıklanır","status":"passed","stage":"finished","steps":[],"attachments":[],"parameters":[],"start":1761067906043,"stop":1761067906085},{"name":"Setup menüsünden 'Setup' sekmesine gidilir","status":"passed","stage":"finished","steps":[],"attachments":[],"parameters":[],"start":1761067936096,"stop":1761067971545},{"name":"Account objesine gidilir","status":"failed","statusDetails":{"known":false,"muted":false,"flaky":false,"message":"❌ Account objesi bulunamadı veya açılamadı: Expected condition failed: waiting for presence of element located by: By.xpath: //table//a[@title='Account'] (tried for 45 second(s) with 500 milliseconds interval)","trace":"java.lang.AssertionError: ❌ Account objesi bulunamadı veya açılamadı: Expected condition failed: waiting for presence of element located by: By.xpath: //table//a[@title='Account'] (tried for 45 second(s) with 500 milliseconds interval)\r\n\tat org.testng.Assert.fail(Assert.java:111)\r\n\tat Pages.SetUpPage.openAccountObject(SetUpPage.java:127)\r\n\tat CreateAccountRegionFieldTest.createAccountRegionField(CreateAccountRegionFieldTest.java:29)\r\n\tat java.base/jdk.internal.reflect.DirectMethodHandleAccessor.invoke(DirectMethodHandleAccessor.java:103)\r\n\tat java.base/java.lang.reflect.Method.invoke(Method.java:580)\r\n\tat org.testng.internal.invokers.MethodInvocationHelper.invokeMethod(MethodInvocationHelper.java:141)\r\n\tat org.testng.internal.invokers.InvokeMethodRunnable.runOne(InvokeMethodRunnable.java:47)\r\n\tat org.testng.internal.invokers.InvokeMethodRunnable.call(InvokeMethodRunnable.java:76)\r\n\tat org.testng.internal.invokers.InvokeMethodRunnable.call(InvokeMethodRunnable.java:11)\r\n\tat java.base/java.util.concurrent.FutureTask.run(FutureTask.java:317)\r\n\tat java.base/java.util.concurrent.ThreadPoolExecutor.runWorker(ThreadPoolExecutor.java:1144)\r\n\tat java.base/java.util.concurrent.ThreadPoolExecutor$Worker.run(ThreadPoolExecutor.java:642)\r\n\tat java.base/java.lang.Thread.run(Thread.java:1583)\r\n"},"stage":"finished","steps":[],"attachments":[],"parameters":[],"start":1761067971546,"stop":1761068025112}],"attachments":[],"parameters":[],"start":1761067905908,"stop":1761068025112}