{"uuid":"9713e35a-905f-4a5a-9956-cd5a2b239361","historyId":"ed91cde2c7347cc6cb4b78b9e54814ea","fullName":"Tests.CreateAccountRegionFieldTest.createAccountRegionField","labels":[{"name":"package","value":"Tests.CreateAccountRegionFieldTest"},{"name":"testClass","value":"Tests.CreateAccountRegionFieldTest"},{"name":"testMethod","value":"createAccountRegionField"},{"name":"parentSuite","value":"Default Suite"},{"name":"suite","value":"CyanGate"},{"name":"subSuite","value":"Tests.CreateAccountRegionFieldTest"},{"name":"host","value":"Ayşegül"},{"name":"thread","value":"25180@Ayşegül.main(1)"},{"name":"framework","value":"testng"},{"name":"language","value":"java"}],"links":[],"name":"Salesforce Setup > Account > Fields & Relationships > Yeni Text Field oluşturma testi","status":"failed","statusDetails":{"known":false,"muted":false,"flaky":false,"message":"❌ Account objesi bulunamadı veya açılamadı: Expected condition failed: waiting for presence of element located by: By.xpath: //a[@title='Account'] (tried for 25 second(s) with 500 milliseconds interval)","trace":"java.lang.AssertionError: ❌ Account objesi bulunamadı veya açılamadı: Expected condition failed: waiting for presence of element located by: By.xpath: //a[@title='Account'] (tried for 25 second(s) with 500 milliseconds interval)\r\n\tat org.testng.Assert.fail(Assert.java:111)\r\n\tat Pages.SetUpPage.openAccountObject(SetUpPage.java:118)\r\n\tat Tests.CreateAccountRegionFieldTest.createAccountRegionField(CreateAccountRegionFieldTest.java:30)\r\n\tat java.base/jdk.internal.reflect.DirectMethodHandleAccessor.invoke(DirectMethodHandleAccessor.java:103)\r\n\tat java.base/java.lang.reflect.Method.invoke(Method.java:580)\r\n\tat org.testng.internal.invokers.MethodInvocationHelper.invokeMethod(MethodInvocationHelper.java:141)\r\n\tat org.testng.internal.invokers.InvokeMethodRunnable.runOne(InvokeMethodRunnable.java:47)\r\n\tat org.testng.internal.invokers.InvokeMethodRunnable.call(InvokeMethodRunnable.java:76)\r\n\tat org.testng.internal.invokers.InvokeMethodRunnable.call(InvokeMethodRunnable.java:11)\r\n\tat java.base/java.util.concurrent.FutureTask.run(FutureTask.java:317)\r\n\tat java.base/java.util.concurrent.ThreadPoolExecutor.runWorker(ThreadPoolExecutor.java:1144)\r\n\tat java.base/java.util.concurrent.ThreadPoolExecutor$Worker.run(ThreadPoolExecutor.java:642)\r\n\tat java.base/java.lang.Thread.run(Thread.java:1583)\r\n"},"stage":"finished","steps":[{"name":"Username alanı doldurulur","status":"passed","stage":"finished","steps":[],"attachments":[],"parameters":[{"name":"username","value":"aysegyilmaz7983@agentforce.com"}],"start":1761066912603,"stop":1761066912654},{"name":"Password alanı doldurulur","status":"passed","stage":"finished","steps":[],"attachments":[],"parameters":[{"name":"password","value":"123456ba"}],"start":1761066912654,"stop":1761066912687},{"name":"Login butonuna tıklanır","status":"passed","stage":"finished","steps":[],"attachments":[],"parameters":[],"start":1761066912687,"stop":1761066912741},{"name":"Setup menüsünden 'Setup' sekmesine gidilir","status":"passed","stage":"finished","steps":[],"attachments":[],"parameters":[],"start":1761066942749,"stop":1761066977444},{"name":"Account objesine gidilir","status":"failed","statusDetails":{"known":false,"muted":false,"flaky":false,"message":"❌ Account objesi bulunamadı veya açılamadı: Expected condition failed: waiting for presence of element located by: By.xpath: //a[@title='Account'] (tried for 25 second(s) with 500 milliseconds interval)","trace":"java.lang.AssertionError: ❌ Account objesi bulunamadı veya açılamadı: Expected condition failed: waiting for presence of element located by: By.xpath: //a[@title='Account'] (tried for 25 second(s) with 500 milliseconds interval)\r\n\tat org.testng.Assert.fail(Assert.java:111)\r\n\tat Pages.SetUpPage.openAccountObject(SetUpPage.java:118)\r\n\tat Tests.CreateAccountRegionFieldTest.createAccountRegionField(CreateAccountRegionFieldTest.java:30)\r\n\tat java.base/jdk.internal.reflect.DirectMethodHandleAccessor.invoke(DirectMethodHandleAccessor.java:103)\r\n\tat java.base/java.lang.reflect.Method.invoke(Method.java:580)\r\n\tat org.testng.internal.invokers.MethodInvocationHelper.invokeMethod(MethodInvocationHelper.java:141)\r\n\tat org.testng.internal.invokers.InvokeMethodRunnable.runOne(InvokeMethodRunnable.java:47)\r\n\tat org.testng.internal.invokers.InvokeMethodRunnable.call(InvokeMethodRunnable.java:76)\r\n\tat org.testng.internal.invokers.InvokeMethodRunnable.call(InvokeMethodRunnable.java:11)\r\n\tat java.base/java.util.concurrent.FutureTask.run(FutureTask.java:317)\r\n\tat java.base/java.util.concurrent.ThreadPoolExecutor.runWorker(ThreadPoolExecutor.java:1144)\r\n\tat java.base/java.util.concurrent.ThreadPoolExecutor$Worker.run(ThreadPoolExecutor.java:642)\r\n\tat java.base/java.lang.Thread.run(Thread.java:1583)\r\n"},"stage":"finished","steps":[],"attachments":[],"parameters":[],"start":1761066977444,"stop":1761067009329}],"attachments":[],"parameters":[],"start":1761066912589,"stop":1761067009332}